Client/Library/Bee/Android/Prj/Mono2x/Gradle/launcher/build/intermediates/manifest_merge_blame_file/release/manifest-merger-blame-release-report.txt
1<?xml version="1.0" encoding="utf-8"?>
2<manifest xmlns:android="http://schemas.android.com/apk/res/android"
3    package="com.ProjectYuan"
4    android:installLocation="preferExternal"
5    android:versionCode="1"
6    android:versionName="0.1.0" >
7
8    <uses-sdk
9        android:minSdkVersion="22"
9-->src\main\AndroidManifest.xml
10        android:targetSdkVersion="30" />
10-->src\main\AndroidManifest.xml
11
12    <supports-screens
12-->src\main\AndroidManifest.xml:3:3-163
13        android:anyDensity="true"
13-->src\main\AndroidManifest.xml:3:135-160
14        android:largeScreens="true"
14-->src\main\AndroidManifest.xml:3:78-105
15        android:normalScreens="true"
15-->src\main\AndroidManifest.xml:3:49-77
16        android:smallScreens="true"
16-->src\main\AndroidManifest.xml:3:21-48
17        android:xlargeScreens="true" />
17-->src\main\AndroidManifest.xml:3:106-134
18
19    <uses-permission android:name="android.permission.ACCESS_NETWORK_STATE" />
19-->src\main\AndroidManifest.xml:7:3-77
19-->src\main\AndroidManifest.xml:7:20-74
20    <uses-permission android:name="android.permission.INTERNET" />
20-->src\main\AndroidManifest.xml:8:3-65
20-->src\main\AndroidManifest.xml:8:20-62
21
22    <uses-feature android:glEsVersion="0x00030000" />
22-->[:unityLibrary] AndroidManifest.xml:12:5-54
22-->[:unityLibrary] AndroidManifest.xml:12:19-51
23    <uses-feature
23-->[:unityLibrary] AndroidManifest.xml:13:5-15:36
24        android:name="android.hardware.vulkan.version"
24-->[:unityLibrary] AndroidManifest.xml:14:9-55
25        android:required="false" />
25-->[:unityLibrary] AndroidManifest.xml:15:9-33
26    <uses-feature
26-->[:unityLibrary] AndroidManifest.xml:20:5-22:36
27        android:name="android.hardware.sensor.accelerometer"
27-->[:unityLibrary] AndroidManifest.xml:21:9-61
28        android:required="false" />
28-->[:unityLibrary] AndroidManifest.xml:22:9-33
29    <uses-feature
29-->[:unityLibrary] AndroidManifest.xml:23:5-25:36
30        android:name="android.hardware.touchscreen"
30-->[:unityLibrary] AndroidManifest.xml:24:9-52
31        android:required="false" />
31-->[:unityLibrary] AndroidManifest.xml:25:9-33
32    <uses-feature
32-->[:unityLibrary] AndroidManifest.xml:26:5-28:36
33        android:name="android.hardware.touchscreen.multitouch"
33-->[:unityLibrary] AndroidManifest.xml:27:9-63
34        android:required="false" />
34-->[:unityLibrary] AndroidManifest.xml:28:9-33
35    <uses-feature
35-->[:unityLibrary] AndroidManifest.xml:29:5-31:36
36        android:name="android.hardware.touchscreen.multitouch.distinct"
36-->[:unityLibrary] AndroidManifest.xml:30:9-72
37        android:required="false" />
37-->[:unityLibrary] AndroidManifest.xml:31:9-33
38
39    <application
39-->src\main\AndroidManifest.xml:4:3-6:17
40        android:extractNativeLibs="true"
40-->[:unityLibrary] AndroidManifest.xml:33:18-50
41        android:icon="@mipmap/app_icon"
41-->src\main\AndroidManifest.xml:4:49-80
42        android:label="@string/app_name" >
42-->src\main\AndroidManifest.xml:4:16-48
43        <meta-data
43-->src\main\AndroidManifest.xml:5:5-79
44            android:name="unity.builder"
44-->src\main\AndroidManifest.xml:5:16-44
45            android:value="\12369737429064" />
45-->src\main\AndroidManifest.xml:5:45-76
46
47        <activity
47-->[:unityLibrary] AndroidManifest.xml:34:9-54:20
48            android:name="com.unity3d.player.UnityPlayerActivity"
48-->[:unityLibrary] AndroidManifest.xml:35:13-66
49            android:configChanges="mcc|mnc|locale|touchscreen|keyboard|keyboardHidden|navigation|orientation|screenLayout|uiMode|screenSize|smallestScreenSize|fontScale|layoutDirection|density"
49-->[:unityLibrary] AndroidManifest.xml:36:13-194
50            android:hardwareAccelerated="false"
50-->[:unityLibrary] AndroidManifest.xml:37:13-48
51            android:launchMode="singleTask"
51-->[:unityLibrary] AndroidManifest.xml:38:13-44
52            android:resizeableActivity="false"
52-->[:unityLibrary] AndroidManifest.xml:39:13-47
53            android:screenOrientation="landscape"
53-->[:unityLibrary] AndroidManifest.xml:40:13-50
54            android:theme="@style/UnityThemeSelector" >
54-->[:unityLibrary] AndroidManifest.xml:41:13-54
55            <intent-filter>
55-->[:unityLibrary] AndroidManifest.xml:42:13-46:29
56                <action android:name="android.intent.action.MAIN" />
56-->[:unityLibrary] AndroidManifest.xml:43:17-69
56-->[:unityLibrary] AndroidManifest.xml:43:25-66
57
58                <category android:name="android.intent.category.LAUNCHER" />
58-->[:unityLibrary] AndroidManifest.xml:45:17-77
58-->[:unityLibrary] AndroidManifest.xml:45:27-74
59            </intent-filter>
60
61            <meta-data
61-->[:unityLibrary] AndroidManifest.xml:48:13-50:40
62                android:name="unityplayer.UnityActivity"
62-->[:unityLibrary] AndroidManifest.xml:49:17-57
63                android:value="true" />
63-->[:unityLibrary] AndroidManifest.xml:50:17-37
64            <meta-data
64-->[:unityLibrary] AndroidManifest.xml:51:13-53:40
65                android:name="android.notch_support"
65-->[:unityLibrary] AndroidManifest.xml:52:17-53
66                android:value="true" />
66-->[:unityLibrary] AndroidManifest.xml:53:17-37
67        </activity>
68
69        <meta-data
69-->[:unityLibrary] AndroidManifest.xml:56:9-58:33
70            android:name="unity.splash-mode"
70-->[:unityLibrary] AndroidManifest.xml:57:13-45
71            android:value="0" />
71-->[:unityLibrary] AndroidManifest.xml:58:13-30
72        <meta-data
72-->[:unityLibrary] AndroidManifest.xml:59:9-61:36
73            android:name="unity.splash-enable"
73-->[:unityLibrary] AndroidManifest.xml:60:13-47
74            android:value="True" />
74-->[:unityLibrary] AndroidManifest.xml:61:13-33
75        <meta-data
75-->[:unityLibrary] AndroidManifest.xml:62:9-64:36
76            android:name="unity.launch-fullscreen"
76-->[:unityLibrary] AndroidManifest.xml:63:13-51
77            android:value="True" />
77-->[:unityLibrary] AndroidManifest.xml:64:13-33
78        <meta-data
78-->[:unityLibrary] AndroidManifest.xml:65:9-67:37
79            android:name="unity.allow-resizable-window"
79-->[:unityLibrary] AndroidManifest.xml:66:13-56
80            android:value="False" />
80-->[:unityLibrary] AndroidManifest.xml:67:13-34
81        <meta-data
81-->[:unityLibrary] AndroidManifest.xml:68:9-70:50
82            android:name="notch.config"
82-->[:unityLibrary] AndroidManifest.xml:69:13-40
83            android:value="portrait|landscape" />
83-->[:unityLibrary] AndroidManifest.xml:70:13-47
84    </application>
85
86</manifest>